<?xml version="1.0" encoding="UTF-8"?>
<testsuite xmlns:xsi="http://www.w3.org/2001/XMLSchema-instance" xsi:noNamespaceSchemaLocation="https://maven.apache.org/surefire/maven-surefire-plugin/xsd/surefire-test-report.xsd" version="3.0.2" name="com.stu.GarbageRecyclingApplicationTests" time="5.106" tests="1" errors="0" skipped="0" failures="0">
  <properties>
[...]
</properties>
  <testcase name="contextLoads" classname="com.stu.GarbageRecyclingApplicationTests" time="0.551">
    <system-out><![CDATA[22:28:21.341 [main] INFO org.springframework.test.context.support.AnnotationConfigContextLoaderUtils -- Could not detect default configuration classes for test class [com.stu.GarbageRecyclingApplicationTests]: GarbageRecyclingApplicationTests does not declare any static, non-private, non-final, nested classes annotated with @Configuration.
22:28:21.425 [main] INFO org.springframework.boot.test.context.SpringBootTestContextBootstrapper -- Found @SpringBootConfiguration com.stu.GarbageRecyclingApplication for test class com.stu.GarbageRecyclingApplicationTests

  .   ____          _            __ _ _
 /\\ / ___'_ __ _ _(_)_ __  __ _ \ \ \ \
( ( )\___ | '_ | '_| | '_ \/ _` | \ \ \ \
 \\/  ___)| |_)| | | | | || (_| |  ) ) ) )
  '  |____| .__|_| |_|_| |_\__, | / / / /
 =========|_|==============|___/=/_/_/_/

 :: Spring Boot ::                (v3.5.5)

2025-10-09T22:28:21.748+08:00  INFO 21380 --- [garbage_recycling] [           main] c.stu.GarbageRecyclingApplicationTests   : Starting GarbageRecyclingApplicationTests using Java 21.0.1 with PID 21380 (started by Huang_yaofeng in E:\work_java\Team_project\garbage_recycling\garbage_recycling)
2025-10-09T22:28:21.749+08:00 DEBUG 21380 --- [garbage_recycling] [           main] c.stu.GarbageRecyclingApplicationTests   : Running with Spring Boot v3.5.5, Spring v6.2.10
2025-10-09T22:28:21.749+08:00  INFO 21380 --- [garbage_recycling] [           main] c.stu.GarbageRecyclingApplicationTests   : No active profile set, falling back to 1 default profile: "default"
2025-10-09T22:28:22.777+08:00  INFO 21380 --- [garbage_recycling] [           main] .s.d.r.c.RepositoryConfigurationDelegate : Multiple Spring Data modules found, entering strict repository configuration mode
2025-10-09T22:28:22.780+08:00  INFO 21380 --- [garbage_recycling] [           main] .s.d.r.c.RepositoryConfigurationDelegate : Bootstrapping Spring Data Redis repositories in DEFAULT mode.
2025-10-09T22:28:22.810+08:00  INFO 21380 --- [garbage_recycling] [           main] .s.d.r.c.RepositoryConfigurationDelegate : Finished Spring Data repository scanning in 14 ms. Found 0 Redis repository interfaces.
图片目录初始化完成:
分类图片目录: E:\work_java\Team_project\garbage_recycling\garbage_recycling\.\uploads\category-images
身份背景图目录: E:\work_java\Team_project\garbage_recycling\garbage_recycling\.\uploads\identity-bg
Context Path: /api
Logging initialized using 'class org.apache.ibatis.logging.stdout.StdOutImpl' adapter.
[com.stu.mapper.UserMapper.selectById] Has been loaded by XML or SqlProvider or Mybatis's Annotation, so ignoring this injection for [class com.baomidou.mybatisplus.core.injector.methods.SelectById]
Use localhost address 
Get LAPTOP-VFKLIRHL/10.44.41.161 network interface 
Get network interface info: name:wireless_32768 (Intel(R) Wi-Fi 6E AX211 160MHz)
Initialization Sequence datacenterId:0 workerId:28
 _ _   |_  _ _|_. ___ _ |    _ 
| | |\/|_)(_| | |_\  |_)||_|_\ 
     /               |         
                        3.5.6 
2025-10-09T22:28:23.814+08:00  INFO 21380 --- [garbage_recycling] [           main] com.stu.util.WeChatUtil                  : 初始化测试用户完成，测试模式: true，可用测试code: [test_code_456, test_code_123, test_code_person, test_code_campus]
2025-10-09T22:28:24.410+08:00  INFO 21380 --- [garbage_recycling] [           main] com.stu.config.WebMvcConfig              : 开始配置JWT拦截器...
2025-10-09T22:28:24.411+08:00  INFO 21380 --- [garbage_recycling] [           main] com.stu.config.WebMvcConfig              : JWT拦截器配置完成
2025-10-09T22:28:24.729+08:00  INFO 21380 --- [garbage_recycling] [           main] com.stu.config.WebMvcConfig              : 开始配置静态资源映射...
2025-10-09T22:28:24.730+08:00  INFO 21380 --- [garbage_recycling] [           main] com.stu.config.WebMvcConfig              : 身份背景图映射: /images/identity-bg/** -> file:E:/work_java/Team_project/garbage_recycling/garbage_recycling/./uploads/identity-bg/
2025-10-09T22:28:24.730+08:00  INFO 21380 --- [garbage_recycling] [           main] com.stu.config.WebMvcConfig              : 分类图片映射: /images/category/** -> file:E:/work_java/Team_project/garbage_recycling/garbage_recycling/./uploads/category-images/
2025-10-09T22:28:24.730+08:00  INFO 21380 --- [garbage_recycling] [           main] com.stu.config.WebMvcConfig              : 静态资源映射配置完成
2025-10-09T22:28:25.757+08:00  INFO 21380 --- [garbage_recycling] [           main] c.stu.GarbageRecyclingApplicationTests   : Started GarbageRecyclingApplicationTests in 4.225 seconds (process running for 4.929)
]]></system-out>
    <system-err><![CDATA[Mockito is currently self-attaching to enable the inline-mock-maker. This will no longer work in future releases of the JDK. Please add Mockito as an agent to your build as described in Mockito's documentation: https://javadoc.io/doc/org.mockito/mockito-core/latest/org.mockito/org/mockito/Mockito.html#0.3
WARNING: A Java agent has been loaded dynamically (C:\Users\»Æҫ·å\.m2\repository\net\bytebuddy\byte-buddy-agent\1.17.7\byte-buddy-agent-1.17.7.j)
WARNING: If a serviceability tool is in use, please run with -XX:+EnableDynamicAgentLoading to hide this warning
WARNING: If a serviceability tool is not in use, please run with -Djdk.instrument.traceUsage for more information
WARNING: Dynamic loading of agents will be disallowed by default in a future release
]]></system-err>
  </testcase>
</testsuite>